C51 COMPILER V9.00   BLUETEETH                                                             07/07/2021 22:11:45 PAGE 1   


C51 COMPILER V9.00, COMPILATION OF MODULE BLUETEETH
OBJECT MODULE PLACED IN blueTeeth.OBJ
COMPILER INVOKED BY: D:\ProgramDownload_3\Keil4\C51\BIN\C51.EXE blueTeeth.c BROWSE DEBUG OBJECTEXTEND

line level    source

   1          #include "reg52.h"
   2          #include "intrins.h"
   3          
   4          #define uchar unsigned char 
   5          #define uint unsigned int
   6          
   7          /*串口初始化配置*/
   8          
   9          void Uart0_Init(){
  10   1          RCAP2L=0xD9;//9600波特率对应 FFD9，低位为D9
  11   1          RCAP2H=0xFF;//高位为FF
  12   1          T2CON=0x34;//RCLK、TCLK、TR2置1
  13   1          SCON=0x50;//串口工作模式1，接收使能
  14   1          ES=1;//打开接收中断
  15   1          EA=1;//打开总中断
  16   1      
  17   1      }
  18          /*发送数据*/
  19          void sendDate(char date)
  20          {
  21   1          SBUF=date;            //接收到的数据放入发送缓存器发送
  22   1          while(!TI);       //等待发送数据完成
  23   1          TI=0;                         //清除发送完成标志位
  24   1      }
  25           


MODULE INFORMATION:   STATIC OVERLAYABLE
   CODE SIZE        =     25    ----
   CONSTANT SIZE    =   ----    ----
   XDATA SIZE       =   ----    ----
   PDATA SIZE       =   ----    ----
   DATA SIZE        =   ----    ----
   IDATA SIZE       =   ----    ----
   BIT SIZE         =   ----    ----
END OF MODULE INFORMATION.


C51 COMPILATION COMPLETE.  0 WARNING(S),  0 ERROR(S)
