C51 COMPILER V9.00   FIREALARM                                                             06/11/2021 10:16:30 PAGE 1   


C51 COMPILER V9.00, COMPILATION OF MODULE FIREALARM
OBJECT MODULE PLACED IN fireAlarm.OBJ
COMPILER INVOKED BY: D:\ProgramDownload_3\Keil4\C51\BIN\C51.EXE fireAlarm.c BROWSE DEBUG OBJECTEXTEND

line level    source

   1          #include "reg52.h"
   2          #include "intrins.h"
   3          #include "blueTeeth.h"
   4          #include "DHT11.h"
   5          
   6          #define uchar unsigned char 
   7          #define uint unsigned int
   8          
   9          void fireAlarm(){
  10   1              if(temprature>=70){
  11   2                      sendDate(0x44);
  12   2              }       
  13   1      }


MODULE INFORMATION:   STATIC OVERLAYABLE
   CODE SIZE        =     14    ----
   CONSTANT SIZE    =   ----    ----
   XDATA SIZE       =   ----    ----
   PDATA SIZE       =   ----    ----
   DATA SIZE        =   ----    ----
   IDATA SIZE       =   ----    ----
   BIT SIZE         =   ----    ----
END OF MODULE INFORMATION.


C51 COMPILATION COMPLETE.  0 WARNING(S),  0 ERROR(S)
