C51 COMPILER V9.00   DS1302                                                                07/10/2021 15:25:30 PAGE 1   


C51 COMPILER V9.00, COMPILATION OF MODULE DS1302
OBJECT MODULE PLACED IN ds1302.OBJ
COMPILER INVOKED BY: D:\ProgramDownload_3\Keil4\C51\BIN\C51.EXE ds1302.c BROWSE DEBUG OBJECTEXTEND

line level    source

   1          #include <reg52.h>
   2          #include <intrins.h>
   3          
   4          #define uchar unsigned char 
   5          #define uint unsigned int
   6          
   7          uchar year;
   8          uchar hour;
   9          uchar day;
  10          uchar month;
  11          uchar date;
  12          uchar minute;
  13          uchar second;
  14          uchar AM_PM;
  15          //DS1302写入地址命令,顺序为秒分时日月周年，最低位读写位，读取的地址在写入的基础上加1
  16          uchar code WRITE_RTC_ADDR[7] = {0x80, 0x82, 0x84, 0x86, 0x88, 0x8a, 0x8c};
  17          uchar year0=0x20;//年份头两位
  18          //DS1302时钟初始化2020年8月4日星期二12点00分00秒。存储顺序是秒分时日月周年,存储格式是用BCD码//
  19          uchar TIME[7] = {0x00, 0x56, 0x11, 0x20, 0x04, 0x02, 0x21};
  20          
  21          sbit RST=P1^2;
  22          sbit SCLK=P1^0;
  23          sbit DSIO=P1^1;
  24          /*******************************************************************
  25          函数名称：Ds1302Write()
  26          函数功能：向DS1302命令（地址+数据）。
  27          输入参数：addr：写入数据的地址  dat：写入的数据  
  28          返回值：  无
  29          *******************************************************************/
  30          void Ds1302Write(uchar addr, uchar dat)
  31          {
  32   1              uchar n;
  33   1              RST = 0;
  34   1              _nop_();
  35   1              SCLK = 0;               //先将SCLK置低电平。
  36   1              _nop_();
  37   1              RST = 1;                //然后将RST(CE)置高电平。
  38   1              _nop_();
  39   1              for (n=0; n<8; n++)             //开始传送八位地址命令
  40   1              {
  41   2                      DSIO = addr & 0x01;             //数据从低位开始传送
  42   2                      addr >>= 1;
  43   2                      SCLK = 1;               //数据在上升沿时，DS1302读取数据
  44   2                      _nop_();
  45   2                      SCLK = 0;
  46   2                      _nop_();
  47   2              }
  48   1              for (n=0; n<8; n++)             //写入8位数据
  49   1              {
  50   2                      DSIO = dat & 0x01;
  51   2                      dat >>= 1;
  52   2                      SCLK = 1;               //数据在上升沿时，DS1302读取数据  q
  53   2                      _nop_();
  54   2                      SCLK = 0;
  55   2                      _nop_();        
C51 COMPILER V9.00   DS1302                                                                07/10/2021 15:25:30 PAGE 2   

  56   2              }                        
  57   1              RST = 0;                //传送数据结束
  58   1              _nop_();
  59   1      } 
  60          
  61          /*******************************************************************
  62          函数名称：Ds1302Read()
  63          函数功能：读取一个地址的数据。
  64          输入参数：addr：需要读取数据的地址   
  65          返回值：  dat：读出的数据 
  66          *******************************************************************/
  67          uchar Ds1302Read(uchar addr)
  68          {
  69   1              uchar n,dat,dat1;
  70   1              RST = 0;
  71   1              _nop_();
  72   1      
  73   1              SCLK = 0;               //先将SCLK置低电平。
  74   1              _nop_();
  75   1      
  76   1              RST = 1;                //然后将RST(CE)置高电平。
  77   1              _nop_();
  78   1              for(n=0; n<8; n++)              //开始传送八位地址命令
  79   1              {
  80   2                      DSIO = addr & 0x01;             //数据从低位开始传送
  81   2                      addr >>= 1;
  82   2                      SCLK = 1;               //数据在上升沿时，DS1302读取数据
  83   2                      _nop_();
  84   2                      SCLK = 0;               //DS1302下降沿时，放置数据
  85   2                      _nop_();
  86   2              }
  87   1              _nop_();
  88   1              for(n=0; n<8; n++)              //读取8位数据
  89   1              {
  90   2                      dat1 = DSIO;            //从最低位开始接收
  91   2                      dat = (dat>>1) | (dat1<<7);
  92   2                      SCLK = 1;
  93   2                      _nop_();
  94   2                      SCLK = 0;               //DS1302下降沿时，放置数据
  95   2                      _nop_();
  96   2              }
  97   1              RST = 0;
  98   1              _nop_();                //DS1302复位的稳定时间。
  99   1              SCLK = 1;
 100   1              _nop_();
 101   1              DSIO = 0;
 102   1              _nop_();
 103   1              DSIO = 1;
 104   1              _nop_();
 105   1              return dat;     
 106   1      }
 107          
 108          /*******************************************************************
 109          函数名称：Ds1302Init()
 110          函数功能：初始化DS1302。
 111          输入参数：无   
 112          返回值：  无 
 113          *******************************************************************/
 114          void Ds1302Init()
 115          {
 116   1              uchar n;
 117   1              Ds1302Write(0x8E,0X00);          //关闭写保护功能
C51 COMPILER V9.00   DS1302                                                                07/10/2021 15:25:30 PAGE 3   

 118   1              for (n=0; n<7; n++)                  //写入7个字节的时钟信号：分秒时日月周年
 119   1              {
 120   2                      Ds1302Write(WRITE_RTC_ADDR[n],TIME[n]);         
 121   2              }
 122   1              Ds1302Write(WRITE_RTC_ADDR[2],TIME[2]|0x20);           //设置AM和PM
 123   1              Ds1302Write(0x8E,0x80);          //打开写保护功能
 124   1      }
 125          
 126          /*******************************************************************
 127          函数名称：Ds1302ReadTime()
 128          函数功能：读取时钟的日期、时间数据。
 129          输入参数：无   
 130          返回值：  无 
 131          *******************************************************************/
 132          void Ds1302ReadTime()
 133          {
 134   1              TIME[6]=Ds1302Read(WRITE_RTC_ADDR[6]|0x01);
 135   1              TIME[5]=Ds1302Read(WRITE_RTC_ADDR[5]|0x01);
 136   1              TIME[5]=TIME[5]&0x07;
 137   1              TIME[4]=Ds1302Read(WRITE_RTC_ADDR[4]|0x01);
 138   1              TIME[3]=Ds1302Read(WRITE_RTC_ADDR[3]|0x01);
 139   1              TIME[2]=Ds1302Read(WRITE_RTC_ADDR[2]|0x01);
 140   1              TIME[2] =TIME[2] & 0x1f;      
 141   1              TIME[1]=Ds1302Read(WRITE_RTC_ADDR[1]|0x01);
 142   1              TIME[0]=Ds1302Read(WRITE_RTC_ADDR[0]|0x01);
 143   1              //更新TIME[]数组里面的初始化数据
 144   1              second=TIME[0];
 145   1              minute=TIME[1];
 146   1              hour=TIME[2];
 147   1              date=TIME[3];
 148   1              month=TIME[4];
 149   1              day=TIME[5];
 150   1              year=TIME[6];
 151   1      
 152   1      }


MODULE INFORMATION:   STATIC OVERLAYABLE
   CODE SIZE        =    265    ----
   CONSTANT SIZE    =      7    ----
   XDATA SIZE       =   ----    ----
   PDATA SIZE       =   ----    ----
   DATA SIZE        =     16    ----
   IDATA SIZE       =   ----    ----
   BIT SIZE         =   ----    ----
END OF MODULE INFORMATION.


C51 COMPILATION COMPLETE.  0 WARNING(S),  0 ERROR(S)
